<?xml version="1.0" encoding="UTF-8"?>
<!-- Generated by org.testng.reporters.JUnitXMLReporter -->
<testsuite ignored="2" hostname="FFE-Manikantha-FFE119" failures="0" tests="1" name="Test" time="8.827" errors="0" timestamp="2024-09-01T11:47:33 IST">
  <testcase classname="com.actitime.testscript.CustomerModule" name="testing" time="0.012"/>
  <testcase classname="com.actitime.generic.BaseClass" name="@BeforeTest openBrowser" time="0.0">
    <ignored/>
  </testcase> <!-- @BeforeTest openBrowser -->
  <testcase classname="com.actitime.generic.BaseClass" name="@AfterTest tearDown" time="0.0">
    <ignored/>
  </testcase> <!-- @AfterTest tearDown -->
</testsuite> <!-- Test -->
