<?xml version="1.0" encoding="UTF-8"?>
<testng-results ignored="2" total="3" passed="1" failed="0" skipped="0">
  <reporter-output>
    <line>
      <![CDATA[Test]]>
    </line>
    <line>
      <![CDATA[logged out from the application]]>
    </line>
  </reporter-output>
  <suite started-at="2024-09-01T11:43:39 IST" name="Suite" finished-at="2024-09-01T11:43:47 IST" duration-ms="8259">
    <groups>
    </groups>
    <test started-at="2024-09-01T11:43:39 IST" name="Test" finished-at="2024-09-01T11:43:47 IST" duration-ms="8259">
      <class name="com.actitime.testscript.CustomerModule">
        <test-method is-config="true" signature="openBrowser()[pri:0, instance:com.actitime.testscript.CustomerModule@595b007d]" started-at="2024-09-01T11:43:39 IST" name="openBrowser" finished-at="2024-09-01T11:43:44 IST" duration-ms="5144" status="PASS">
          <reporter-output>
          </reporter-output>
        </test-method> <!-- openBrowser -->
        <test-method is-config="true" signature="Login()[pri:0, instance:com.actitime.testscript.CustomerModule@595b007d]" started-at="2024-09-01T11:43:44 IST" name="Login" finished-at="2024-09-01T11:43:45 IST" duration-ms="934" status="PASS">
          <reporter-output>
          </reporter-output>
        </test-method> <!-- Login -->
        <test-method signature="testing()[pri:0, instance:com.actitime.testscript.CustomerModule@595b007d]" started-at="2024-09-01T11:43:45 IST" name="testing" finished-at="2024-09-01T11:43:45 IST" duration-ms="25" status="PASS">
          <reporter-output>
            <line>
              <![CDATA[Test]]>
            </line>
          </reporter-output>
        </test-method> <!-- testing -->
        <test-method is-config="true" signature="Logout()[pri:0, instance:com.actitime.testscript.CustomerModule@595b007d]" started-at="2024-09-01T11:43:45 IST" name="Logout" finished-at="2024-09-01T11:43:46 IST" duration-ms="1460" status="PASS">
          <reporter-output>
            <line>
              <![CDATA[logged out from the application]]>
            </line>
          </reporter-output>
        </test-method> <!-- Logout -->
        <test-method is-config="true" signature="tearDown()[pri:0, instance:com.actitime.testscript.CustomerModule@595b007d]" started-at="2024-09-01T11:43:46 IST" name="tearDown" finished-at="2024-09-01T11:43:47 IST" duration-ms="582" status="PASS">
          <reporter-output>
          </reporter-output>
        </test-method> <!-- tearDown -->
      </class> <!-- com.actitime.testscript.CustomerModule -->
    </test> <!-- Test -->
  </suite> <!-- Suite -->
</testng-results>
